<?xml version="1.0" encoding="UTF-8"?>
<!-- Generated by org.testng.reporters.JUnitXMLReporter -->
<testsuite ignored="0" hostname="MittalComputer" failures="3" tests="4" name="Test" time="20.662" errors="0" timestamp="2020-10-01T17:07:14 EDT">
  <testcase classname="TestNGListenerConcept.ScreenshotTest" name="takeScreenshotTest" time="0.006">
    <failure type="java.lang.AssertionError" message="expected [true] but found [false]">
      <![CDATA[java.lang.AssertionError: expected [true] but found [false]
at TestNGListenerConcept.ScreenshotTest.takeScreenshotTest(ScreenshotTest.java:26)
at java.base/java.util.ArrayList.forEach(ArrayList.java:1510)
... Removed 36 stack frames]]>
    </failure>
  </testcase> <!-- takeScreenshotTest -->
  <testcase classname="TestNGListenerConcept.ScreenshotTest" name="takeScreenshotTest1" time="0.001">
    <failure type="java.lang.AssertionError" message="expected [true] but found [false]">
      <![CDATA[java.lang.AssertionError: expected [true] but found [false]
at TestNGListenerConcept.ScreenshotTest.takeScreenshotTest1(ScreenshotTest.java:31)
at java.base/java.util.ArrayList.forEach(ArrayList.java:1510)
... Removed 36 stack frames]]>
    </failure>
  </testcase> <!-- takeScreenshotTest1 -->
  <testcase classname="TestNGListenerConcept.ScreenshotTest" name="takeScreenshotTest2" time="0.001">
    <failure type="java.lang.AssertionError" message="expected [true] but found [false]">
      <![CDATA[java.lang.AssertionError: expected [true] but found [false]
at TestNGListenerConcept.ScreenshotTest.takeScreenshotTest2(ScreenshotTest.java:36)
at java.base/java.util.ArrayList.forEach(ArrayList.java:1510)
... Removed 36 stack frames]]>
    </failure>
  </testcase> <!-- takeScreenshotTest2 -->
  <testcase classname="TestNGListenerConcept.ScreenshotTest" name="takeScreenshotTest3" time="0.009"/>
</testsuite> <!-- Test -->
