<?xml version="1.0" encoding="UTF-8"?>
<testng-results skipped="0" failed="0" ignored="0" total="1" passed="1">
  <reporter-output>
  </reporter-output>
  <suite name="Default suite" duration-ms="7161" started-at="2020-10-01T16:24:18 EDT" finished-at="2020-10-01T16:24:25 EDT">
    <groups>
    </groups>
    <test name="Default test" duration-ms="7161" started-at="2020-10-01T16:24:18 EDT" finished-at="2020-10-01T16:24:25 EDT">
      <class name="TestNGListenerConcept.ScreenshotTest">
        <test-method status="PASS" signature="setUp()[pri:0, instance:TestNGListenerConcept.ScreenshotTest@2c039ac6]" name="setUp" is-config="true" duration-ms="6353" started-at="2020-10-01T16:24:18 EDT" finished-at="2020-10-01T16:24:24 EDT">
          <reporter-output>
          </reporter-output>
        </test-method> <!-- setUp -->
        <test-method status="PASS" signature="takeScreenshotTest3()[pri:0, instance:TestNGListenerConcept.ScreenshotTest@2c039ac6]" name="takeScreenshotTest3" duration-ms="28" started-at="2020-10-01T16:24:24 EDT" finished-at="2020-10-01T16:24:24 EDT">
          <reporter-output>
          </reporter-output>
        </test-method> <!-- takeScreenshotTest3 -->
        <test-method status="PASS" signature="tearDown()[pri:0, instance:TestNGListenerConcept.ScreenshotTest@2c039ac6]" name="tearDown" is-config="true" duration-ms="730" started-at="2020-10-01T16:24:24 EDT" finished-at="2020-10-01T16:24:25 EDT">
          <reporter-output>
          </reporter-output>
        </test-method> <!-- tearDown -->
      </class> <!-- TestNGListenerConcept.ScreenshotTest -->
    </test> <!-- Default test -->
  </suite> <!-- Default suite -->
</testng-results>
